2023-04-27 08:59:22.499 [main] INFO  cn.cnnic.dataCenter.ConsumerApplication - Starting ConsumerApplication using Java 1.8.0_191 on cnnic-PC with PID 12128 (E:\workspace\20230401\dubbo-spring-boot-demo\dubbo-spring-boot-demo-consumer\target\classes started by cnnic in E:\workspace\20230401\dubbo-spring-boot-demo)
2023-04-27 08:59:22.505 [main] INFO  cn.cnnic.dataCenter.ConsumerApplication - No active profile set, falling back to 1 default profile: "default"
2023-04-27 08:59:24.025 [main] INFO  o.s.boot.web.embedded.tomcat.TomcatWebServer - Tomcat initialized with port(s): 8086 (http)
2023-04-27 08:59:24.034 [main] INFO  org.apache.coyote.http11.Http11NioProtocol - Initializing ProtocolHandler ["http-nio-8086"]
2023-04-27 08:59:24.035 [main] INFO  org.apache.catalina.core.StandardService - Starting service [Tomcat]
2023-04-27 08:59:24.035 [main] INFO  org.apache.catalina.core.StandardEngine - Starting Servlet engine: [Apache Tomcat/9.0.71]
2023-04-27 08:59:24.230 [main] INFO  o.a.c.core.ContainerBase.[Tomcat].[localhost].[/] - Initializing Spring embedded WebApplicationContext
2023-04-27 08:59:24.231 [main] INFO  o.s.b.w.s.c.ServletWebServerApplicationContext - Root WebApplicationContext: initialization completed in 1677 ms
2023-04-27 08:59:24.477 [main] INFO  o.s.b.a.l.ConditionEvaluationReportLoggingListener - 

Error starting ApplicationContext. To display the conditions report re-run your application with 'debug' enabled.
2023-04-27 09:01:58.874 [main] INFO  cn.cnnic.dataCenter.ConsumerApplication - Starting ConsumerApplication using Java 1.8.0_191 on cnnic-PC with PID 3868 (E:\workspace\20230401\dubbo-spring-boot-demo\dubbo-spring-boot-demo-consumer\target\classes started by cnnic in E:\workspace\20230401\dubbo-spring-boot-demo)
2023-04-27 09:01:58.877 [main] INFO  cn.cnnic.dataCenter.ConsumerApplication - No active profile set, falling back to 1 default profile: "default"
2023-04-27 09:02:00.371 [main] INFO  o.s.boot.web.embedded.tomcat.TomcatWebServer - Tomcat initialized with port(s): 8086 (http)
2023-04-27 09:02:00.381 [main] INFO  org.apache.coyote.http11.Http11NioProtocol - Initializing ProtocolHandler ["http-nio-8086"]
2023-04-27 09:02:00.382 [main] INFO  org.apache.catalina.core.StandardService - Starting service [Tomcat]
2023-04-27 09:02:00.382 [main] INFO  org.apache.catalina.core.StandardEngine - Starting Servlet engine: [Apache Tomcat/9.0.71]
2023-04-27 09:02:00.562 [main] INFO  o.a.c.core.ContainerBase.[Tomcat].[localhost].[/] - Initializing Spring embedded WebApplicationContext
2023-04-27 09:02:00.563 [main] INFO  o.s.b.w.s.c.ServletWebServerApplicationContext - Root WebApplicationContext: initialization completed in 1635 ms
2023-04-27 09:02:00.958 [main] INFO  org.apache.curator.utils.Compatibility - Running in ZooKeeper 3.4.x compatibility mode
2023-04-27 09:02:00.966 [main] INFO  org.apache.curator.utils.Compatibility - Using emulated InjectSessionExpiration
2023-04-27 09:02:00.994 [main] INFO  o.a.curator.framework.imps.CuratorFrameworkImpl - Starting
2023-04-27 09:02:01.000 [main] INFO  org.apache.zookeeper.ZooKeeper - Client environment:zookeeper.version=3.4.14-4c25d480e66aadd371de8bd2fd8da255ac140bcf, built on 03/06/2019 16:18 GMT
2023-04-27 09:02:01.000 [main] INFO  org.apache.zookeeper.ZooKeeper - Client environment:host.name=cnnic-PC
2023-04-27 09:02:01.000 [main] INFO  org.apache.zookeeper.ZooKeeper - Client environment:java.version=1.8.0_191
2023-04-27 09:02:01.000 [main] INFO  org.apache.zookeeper.ZooKeeper - Client environment:java.vendor=Oracle Corporation
2023-04-27 09:02:01.001 [main] INFO  org.apache.zookeeper.ZooKeeper - Client environment:java.home=D:\java\jdk\jdk1.8.0_191\jre
2023-04-27 09:02:01.001 [main] INFO  org.apache.zookeeper.ZooKeeper - Client environment:java.class.path=D:\java\jdk\jdk1.8.0_191\jre\lib\charsets.jar;D:\java\jdk\jdk1.8.0_191\jre\lib\deploy.jar;D:\java\jdk\jdk1.8.0_191\jre\lib\ext\access-bridge-64.jar;D:\java\jdk\jdk1.8.0_191\jre\lib\ext\cldrdata.jar;D:\java\jdk\jdk1.8.0_191\jre\lib\ext\dnsns.jar;D:\java\jdk\jdk1.8.0_191\jre\lib\ext\jaccess.jar;D:\java\jdk\jdk1.8.0_191\jre\lib\ext\jfxrt.jar;D:\java\jdk\jdk1.8.0_191\jre\lib\ext\localedata.jar;D:\java\jdk\jdk1.8.0_191\jre\lib\ext\nashorn.jar;D:\java\jdk\jdk1.8.0_191\jre\lib\ext\sunec.jar;D:\java\jdk\jdk1.8.0_191\jre\lib\ext\sunjce_provider.jar;D:\java\jdk\jdk1.8.0_191\jre\lib\ext\sunmscapi.jar;D:\java\jdk\jdk1.8.0_191\jre\lib\ext\sunpkcs11.jar;D:\java\jdk\jdk1.8.0_191\jre\lib\ext\zipfs.jar;D:\java\jdk\jdk1.8.0_191\jre\lib\javaws.jar;D:\java\jdk\jdk1.8.0_191\jre\lib\jce.jar;D:\java\jdk\jdk1.8.0_191\jre\lib\jfr.jar;D:\java\jdk\jdk1.8.0_191\jre\lib\jfxswt.jar;D:\java\jdk\jdk1.8.0_191\jre\lib\jsse.jar;D:\java\jdk\jdk1.8.0_191\jre\lib\management-agent.jar;D:\java\jdk\jdk1.8.0_191\jre\lib\plugin.jar;D:\java\jdk\jdk1.8.0_191\jre\lib\resources.jar;D:\java\jdk\jdk1.8.0_191\jre\lib\rt.jar;E:\workspace\20230401\dubbo-spring-boot-demo\dubbo-spring-boot-demo-consumer\target\classes;E:\workspace\20230401\dubbo-spring-boot-demo\dubbo-spring-boot-demo-interface\target\classes;C:\Users\cnnic\.m2\repository\org\apache\dubbo\dubbo-common\3.1.5\dubbo-common-3.1.5.jar;C:\Users\cnnic\.m2\repository\commons-logging\commons-logging\1.2\commons-logging-1.2.jar;C:\Users\cnnic\.m2\repository\log4j\log4j\1.2.17\log4j-1.2.17.jar;C:\Users\cnnic\.m2\repository\org\javassist\javassist\3.28.0-GA\javassist-3.28.0-GA.jar;C:\Users\cnnic\.m2\repository\com\alibaba\fastjson\1.2.83\fastjson-1.2.83.jar;C:\Users\cnnic\.m2\repository\com\google\code\gson\gson\2.9.1\gson-2.9.1.jar;C:\Users\cnnic\.m2\repository\commons-io\commons-io\2.11.0\commons-io-2.11.0.jar;C:\Users\cnnic\.m2\repository\javax\annotation\javax.annotation-api\1.3.2\javax.annotation-api-1.3.2.jar;C:\Users\cnnic\.m2\repository\org\projectlombok\lombok\1.18.24\lombok-1.18.24.jar;C:\Users\cnnic\.m2\repository\com\google\protobuf\protobuf-java\3.18.3\protobuf-java-3.18.3.jar;C:\Users\cnnic\.m2\repository\org\apache\dubbo\dubbo-serialization-protobuf\2.7.23\dubbo-serialization-protobuf-2.7.23.jar;C:\Users\cnnic\.m2\repository\org\apache\dubbo\dubbo-serialization-api\3.1.5\dubbo-serialization-api-3.1.5.jar;C:\Users\cnnic\.m2\repository\com\google\protobuf\protobuf-java-util\3.18.3\protobuf-java-util-3.18.3.jar;C:\Users\cnnic\.m2\repository\com\google\guava\guava\31.0.1-jre\guava-31.0.1-jre.jar;C:\Users\cnnic\.m2\repository\com\google\guava\failureaccess\1.0.1\failureaccess-1.0.1.jar;C:\Users\cnnic\.m2\repository\com\google\guava\listenablefuture\9999.0-empty-to-avoid-conflict-with-guava\listenablefuture-9999.0-empty-to-avoid-conflict-with-guava.jar;C:\Users\cnnic\.m2\repository\com\google\code\findbugs\jsr305\3.0.2\jsr305-3.0.2.jar;C:\Users\cnnic\.m2\repository\org\checkerframework\checker-qual\3.12.0\checker-qual-3.12.0.jar;C:\Users\cnnic\.m2\repository\com\google\errorprone\error_prone_annotations\2.7.1\error_prone_annotations-2.7.1.jar;C:\Users\cnnic\.m2\repository\com\google\j2objc\j2objc-annotations\1.3\j2objc-annotations-1.3.jar;C:\Users\cnnic\.m2\repository\org\apache\dubbo\dubbo-spring-boot-starter\3.1.5\dubbo-spring-boot-starter-3.1.5.jar;C:\Users\cnnic\.m2\repository\org\apache\dubbo\dubbo-spring-boot-autoconfigure\3.1.5\dubbo-spring-boot-autoconfigure-3.1.5.jar;C:\Users\cnnic\.m2\repository\org\apache\dubbo\dubbo-spring-boot-autoconfigure-compatible\3.1.5\dubbo-spring-boot-autoconfigure-compatible-3.1.5.jar;C:\Users\cnnic\.m2\repository\org\apache\dubbo\dubbo\3.1.5\dubbo-3.1.5.jar;C:\Users\cnnic\.m2\repository\com\alibaba\spring\spring-context-support\1.0.8\spring-context-support-1.0.8.jar;C:\Users\cnnic\.m2\repository\io\netty\netty-all\4.1.87.Final\netty-all-4.1.87.Final.jar;C:\Users\cnnic\.m2\repository\io\netty\netty-codec-dns\4.1.87.Final\netty-codec-dns-4.1.87.Final.jar;C:\Users\cnnic\.m2\repository\io\netty\netty-codec-haproxy\4.1.87.Final\netty-codec-haproxy-4.1.87.Final.jar;C:\Users\cnnic\.m2\repository\io\netty\netty-codec-memcache\4.1.87.Final\netty-codec-memcache-4.1.87.Final.jar;C:\Users\cnnic\.m2\repository\io\netty\netty-codec-mqtt\4.1.87.Final\netty-codec-mqtt-4.1.87.Final.jar;C:\Users\cnnic\.m2\repository\io\netty\netty-codec-redis\4.1.87.Final\netty-codec-redis-4.1.87.Final.jar;C:\Users\cnnic\.m2\repository\io\netty\netty-codec-smtp\4.1.87.Final\netty-codec-smtp-4.1.87.Final.jar;C:\Users\cnnic\.m2\repository\io\netty\netty-codec-socks\4.1.87.Final\netty-codec-socks-4.1.87.Final.jar;C:\Users\cnnic\.m2\repository\io\netty\netty-codec-stomp\4.1.87.Final\netty-codec-stomp-4.1.87.Final.jar;C:\Users\cnnic\.m2\repository\io\netty\netty-codec-xml\4.1.87.Final\netty-codec-xml-4.1.87.Final.jar;C:\Users\cnnic\.m2\repository\io\netty\netty-handler-proxy\4.1.87.Final\netty-handler-proxy-4.1.87.Final.jar;C:\Users\cnnic\.m2\repository\io\netty\netty-handler-ssl-ocsp\4.1.87.Final\netty-handler-ssl-ocsp-4.1.87.Final.jar;C:\Users\cnnic\.m2\repository\io\netty\netty-resolver-dns\4.1.87.Final\netty-resolver-dns-4.1.87.Final.jar;C:\Users\cnnic\.m2\repository\io\netty\netty-transport-rxtx\4.1.87.Final\netty-transport-rxtx-4.1.87.Final.jar;C:\Users\cnnic\.m2\repository\io\netty\netty-transport-sctp\4.1.87.Final\netty-transport-sctp-4.1.87.Final.jar;C:\Users\cnnic\.m2\repository\io\netty\netty-transport-udt\4.1.87.Final\netty-transport-udt-4.1.87.Final.jar;C:\Users\cnnic\.m2\repository\io\netty\netty-resolver-dns-classes-macos\4.1.87.Final\netty-resolver-dns-classes-macos-4.1.87.Final.jar;C:\Users\cnnic\.m2\repository\io\netty\netty-transport-native-epoll\4.1.87.Final\netty-transport-native-epoll-4.1.87.Final-linux-x86_64.jar;C:\Users\cnnic\.m2\repository\io\netty\netty-resolver-dns-native-macos\4.1.87.Final\netty-resolver-dns-native-macos-4.1.87.Final-osx-x86_64.jar;C:\Users\cnnic\.m2\repository\io\netty\netty-resolver-dns-native-macos\4.1.87.Final\netty-resolver-dns-native-macos-4.1.87.Final-osx-aarch_64.jar;C:\Users\cnnic\.m2\repository\com\alibaba\fastjson2\fastjson2\2.0.23\fastjson2-2.0.23.jar;C:\Users\cnnic\.m2\repository\org\apache\curator\curator-x-discovery\4.2.0\curator-x-discovery-4.2.0.jar;C:\Users\cnnic\.m2\repository\org\apache\curator\curator-recipes\4.2.0\curator-recipes-4.2.0.jar;C:\Users\cnnic\.m2\repository\org\apache\curator\curator-framework\4.2.0\curator-framework-4.2.0.jar;C:\Users\cnnic\.m2\repository\org\apache\curator\curator-client\4.2.0\curator-client-4.2.0.jar;C:\Users\cnnic\.m2\repository\com\fasterxml\jackson\core\jackson-databind\2.13.4.2\jackson-databind-2.13.4.2.jar;C:\Users\cnnic\.m2\repository\com\fasterxml\jackson\core\jackson-annotations\2.13.4\jackson-annotations-2.13.4.jar;C:\Users\cnnic\.m2\repository\com\fasterxml\jackson\core\jackson-core\2.13.4\jackson-core-2.13.4.jar;C:\Users\cnnic\.m2\repository\org\apache\zookeeper\zookeeper\3.4.14\zookeeper-3.4.14.jar;C:\Users\cnnic\.m2\repository\org\slf4j\slf4j-api\1.7.36\slf4j-api-1.7.36.jar;C:\Users\cnnic\.m2\repository\com\github\spotbugs\spotbugs-annotations\3.1.9\spotbugs-annotations-3.1.9.jar;C:\Users\cnnic\.m2\repository\org\apache\yetus\audience-annotations\0.5.0\audience-annotations-0.5.0.jar;C:\Users\cnnic\.m2\repository\commons-cli\commons-cli\1.4\commons-cli-1.4.jar;C:\Users\cnnic\.m2\repository\org\eclipse\jetty\jetty-server\9.4.50.v20221201\jetty-server-9.4.50.v20221201.jar;C:\Users\cnnic\.m2\repository\javax\servlet\javax.servlet-api\4.0.1\javax.servlet-api-4.0.1.jar;C:\Users\cnnic\.m2\repository\org\eclipse\jetty\jetty-http\9.4.50.v20221201\jetty-http-9.4.50.v20221201.jar;C:\Users\cnnic\.m2\repository\org\eclipse\jetty\jetty-util\9.4.50.v20221201\jetty-util-9.4.50.v20221201.jar;C:\Users\cnnic\.m2\repository\org\eclipse\jetty\jetty-io\9.4.50.v20221201\jetty-io-9.4.50.v20221201.jar;C:\Users\cnnic\.m2\repository\org\eclipse\jetty\jetty-servlet\9.4.50.v20221201\jetty-servlet-9.4.50.v20221201.jar;C:\Users\cnnic\.m2\repository\org\eclipse\jetty\jetty-security\9.4.50.v20221201\jetty-security-9.4.50.v20221201.jar;C:\Users\cnnic\.m2\repository\org\eclipse\jetty\jetty-util-ajax\9.4.50.v20221201\jetty-util-ajax-9.4.50.v20221201.jar;C:\Users\cnnic\.m2\repository\org\eclipse\jetty\jetty-client\9.4.50.v20221201\jetty-client-9.4.50.v20221201.jar;C:\Users\cnnic\.m2\repository\jline\jline\2.14.6\jline-2.14.6.jar;C:\Users\cnnic\.m2\repository\io\dropwizard\metrics\metrics-core\4.2.15\metrics-core-4.2.15.jar;C:\Users\cnnic\.m2\repository\org\xerial\snappy\snappy-java\1.1.8.4\snappy-java-1.1.8.4.jar;C:\Users\cnnic\.m2\repository\org\springframework\boot\spring-boot-starter\2.7.8\spring-boot-starter-2.7.8.jar;C:\Users\cnnic\.m2\repository\org\springframework\boot\spring-boot\2.7.8\spring-boot-2.7.8.jar;C:\Users\cnnic\.m2\repository\org\springframework\spring-context\5.3.25\spring-context-5.3.25.jar;C:\Users\cnnic\.m2\repository\org\springframework\boot\spring-boot-autoconfigure\2.7.8\spring-boot-autoconfigure-2.7.8.jar;C:\Users\cnnic\.m2\repository\org\springframework\boot\spring-boot-starter-logging\2.7.8\spring-boot-starter-logging-2.7.8.jar;C:\Users\cnnic\.m2\repository\ch\qos\logback\logback-classic\1.2.11\logback-classic-1.2.11.jar;C:\Users\cnnic\.m2\repository\ch\qos\logback\logback-core\1.2.11\logback-core-1.2.11.jar;C:\Users\cnnic\.m2\repository\org\apache\logging\log4j\log4j-to-slf4j\2.17.2\log4j-to-slf4j-2.17.2.jar;C:\Users\cnnic\.m2\repository\org\apache\logging\log4j\log4j-api\2.17.2\log4j-api-2.17.2.jar;C:\Users\cnnic\.m2\repository\org\slf4j\jul-to-slf4j\1.7.36\jul-to-slf4j-1.7.36.jar;C:\Users\cnnic\.m2\repository\jakarta\annotation\jakarta.annotation-api\1.3.5\jakarta.annotation-api-1.3.5.jar;C:\Users\cnnic\.m2\repository\org\springframework\spring-core\5.3.25\spring-core-5.3.25.jar;C:\Users\cnnic\.m2\repository\org\springframework\spring-jcl\5.3.25\spring-jcl-5.3.25.jar;C:\Users\cnnic\.m2\repository\org\yaml\snakeyaml\1.30\snakeyaml-1.30.jar;C:\Users\cnnic\.m2\repository\org\apache\dubbo\dubbo-rpc-dubbo\3.1.5\dubbo-rpc-dubbo-3.1.5.jar;C:\Users\cnnic\.m2\repository\org\apache\dubbo\dubbo-rpc-api\3.1.5\dubbo-rpc-api-3.1.5.jar;C:\Users\cnnic\.m2\repository\org\apache\dubbo\dubbo-remoting-api\3.1.5\dubbo-remoting-api-3.1.5.jar;C:\Users\cnnic\.m2\repository\io\netty\netty-codec\4.1.87.Final\netty-codec-4.1.87.Final.jar;C:\Users\cnnic\.m2\repository\io\netty\netty-handler\4.1.87.Final\netty-handler-4.1.87.Final.jar;C:\Users\cnnic\.m2\repository\io\netty\netty-resolver\4.1.87.Final\netty-resolver-4.1.87.Final.jar;C:\Users\cnnic\.m2\repository\io\netty\netty-transport-native-unix-common\4.1.87.Final\netty-transport-native-unix-common-4.1.87.Final.jar;C:\Users\cnnic\.m2\repository\io\netty\netty-transport\4.1.87.Final\netty-transport-4.1.87.Final.jar;C:\Users\cnnic\.m2\repository\io\netty\netty-transport-classes-epoll\4.1.87.Final\netty-transport-classes-epoll-4.1.87.Final.jar;C:\Users\cnnic\.m2\repository\io\netty\netty-transport-native-epoll\4.1.87.Final\netty-transport-native-epoll-4.1.87.Final-linux-aarch_64.jar;C:\Users\cnnic\.m2\repository\io\netty\netty-transport-native-kqueue\4.1.87.Final\netty-transport-native-kqueue-4.1.87.Final-osx-x86_64.jar;C:\Users\cnnic\.m2\repository\io\netty\netty-transport-classes-kqueue\4.1.87.Final\netty-transport-classes-kqueue-4.1.87.Final.jar;C:\Users\cnnic\.m2\repository\io\netty\netty-transport-native-kqueue\4.1.87.Final\netty-transport-native-kqueue-4.1.87.Final-osx-aarch_64.jar;C:\Users\cnnic\.m2\repository\org\apache\dubbo\dubbo-cluster\3.1.5\dubbo-cluster-3.1.5.jar;C:\Users\cnnic\.m2\repository\org\apache\dubbo\dubbo-rpc-triple\3.1.5\dubbo-rpc-triple-3.1.5.jar;C:\Users\cnnic\.m2\repository\io\netty\netty-codec-http2\4.1.87.Final\netty-codec-http2-4.1.87.Final.jar;C:\Users\cnnic\.m2\repository\io\netty\netty-common\4.1.87.Final\netty-common-4.1.87.Final.jar;C:\Users\cnnic\.m2\repository\io\netty\netty-buffer\4.1.87.Final\netty-buffer-4.1.87.Final.jar;C:\Users\cnnic\.m2\repository\io\netty\netty-codec-http\4.1.87.Final\netty-codec-http-4.1.87.Final.jar;C:\Users\cnnic\.m2\repository\org\apache\commons\commons-compress\1.21\commons-compress-1.21.jar;C:\Users\cnnic\.m2\repository\org\springframework\boot\spring-boot-starter-web\2.7.8\spring-boot-starter-web-2.7.8.jar;C:\Users\cnnic\.m2\repository\org\springframework\boot\spring-boot-starter-json\2.7.8\spring-boot-starter-json-2.7.8.jar;C:\Users\cnnic\.m2\repository\com\fasterxml\jackson\datatype\jackson-datatype-jdk8\2.13.4\jackson-datatype-jdk8-2.13.4.jar;C:\Users\cnnic\.m2\repository\com\fasterxml\jackson\datatype\jackson-datatype-jsr310\2.13.4\jackson-datatype-jsr310-2.13.4.jar;C:\Users\cnnic\.m2\repository\com\fasterxml\jackson\module\jackson-module-parameter-names\2.13.4\jackson-module-parameter-names-2.13.4.jar;C:\Users\cnnic\.m2\repository\org\springframework\boot\spring-boot-starter-tomcat\2.7.8\spring-boot-starter-tomcat-2.7.8.jar;C:\Users\cnnic\.m2\repository\org\apache\tomcat\embed\tomcat-embed-core\9.0.71\tomcat-embed-core-9.0.71.jar;C:\Users\cnnic\.m2\repository\org\apache\tomcat\embed\tomcat-embed-el\9.0.71\tomcat-embed-el-9.0.71.jar;C:\Users\cnnic\.m2\repository\org\apache\tomcat\embed\tomcat-embed-websocket\9.0.71\tomcat-embed-websocket-9.0.71.jar;C:\Users\cnnic\.m2\repository\org\springframework\spring-web\5.3.25\spring-web-5.3.25.jar;C:\Users\cnnic\.m2\repository\org\springframework\spring-beans\5.3.25\spring-beans-5.3.25.jar;C:\Users\cnnic\.m2\repository\org\springframework\spring-webmvc\5.3.25\spring-webmvc-5.3.25.jar;C:\Users\cnnic\.m2\repository\org\springframework\spring-aop\5.3.25\spring-aop-5.3.25.jar;C:\Users\cnnic\.m2\repository\org\springframework\spring-expression\5.3.25\spring-expression-5.3.25.jar;D:\JetBrains\IntelliJ IDEA 2022.3.3\lib\idea_rt.jar
2023-04-27 09:02:01.001 [main] INFO  org.apache.zookeeper.ZooKeeper - Client environment:java.library.path=D:\java\jdk\jdk1.8.0_191\bin;C:\Windows\Sun\Java\bin;C:\Windows\system32;C:\Windows;C:\Program Files (x86)\Intel\iCLS Client\;C:\Program Files\Intel\iCLS Client\;C:\Windows\system32;C:\Windows;C:\Windows\System32\Wbem;C:\Windows\System32\WindowsPowerShell\v1.0\;C:\Program Files (x86)\Intel\UCRT\;C:\Program Files\Intel\UCRT\;C:\Program Files (x86)\Intel\Intel(R) Management Engine Components\DAL;C:\Program Files\Intel\Intel(R) Management Engine Components\DAL;C:\Program Files (x86)\Intel\Intel(R) Management Engine Components\IPT;C:\Program Files\Intel\Intel(R) Management Engine Components\IPT;D:\java\jdk\jdk-17.0.7/bin;D:\Program Files\xshell\;D:\Program Files\xftp7\;C:\Program Files\TortoiseSVN\bin;D:\Go\bin;D:\Program Files\nodejs\;D:\maven\apache-maven-3.6.3\bin;D:\Git\cmd;D:\protoc-22.3-win64\bin;C:\Users\cnnic\AppData\Local\Programs\Python\Python38\Scripts\;C:\Users\cnnic\AppData\Local\Programs\Python\Python38\;D:\Program Files\Microsoft VS Code\bin;C:\Users\cnnic\go\bin;C:\Users\cnnic\AppData\Roaming\npm;.
2023-04-27 09:02:01.001 [main] INFO  org.apache.zookeeper.ZooKeeper - Client environment:java.io.tmpdir=C:\Users\cnnic\AppData\Local\Temp\
2023-04-27 09:02:01.001 [main] INFO  org.apache.zookeeper.ZooKeeper - Client environment:java.compiler=<NA>
2023-04-27 09:02:01.001 [main] INFO  org.apache.zookeeper.ZooKeeper - Client environment:os.name=Windows 7
2023-04-27 09:02:01.001 [main] INFO  org.apache.zookeeper.ZooKeeper - Client environment:os.arch=amd64
2023-04-27 09:02:01.001 [main] INFO  org.apache.zookeeper.ZooKeeper - Client environment:os.version=6.1
2023-04-27 09:02:01.001 [main] INFO  org.apache.zookeeper.ZooKeeper - Client environment:user.name=cnnic
2023-04-27 09:02:01.002 [main] INFO  org.apache.zookeeper.ZooKeeper - Client environment:user.home=C:\Users\cnnic
2023-04-27 09:02:01.002 [main] INFO  org.apache.zookeeper.ZooKeeper - Client environment:user.dir=E:\workspace\20230401\dubbo-spring-boot-demo
2023-04-27 09:02:01.003 [main] INFO  org.apache.zookeeper.ZooKeeper - Initiating client connection, connectString=192.168.81.133:2181 sessionTimeout=60000 watcher=org.apache.curator.ConnectionState@5ac6c4f2
2023-04-27 09:02:01.040 [main] INFO  o.a.curator.framework.imps.CuratorFrameworkImpl - Default schema
2023-04-27 09:02:10.355 [main-SendThread(192.168.81.133:2181)] INFO  org.apache.zookeeper.ClientCnxn - Opening socket connection to server 192.168.81.133/192.168.81.133:2181. Will not attempt to authenticate using SASL (unknown error)
2023-04-27 09:02:10.358 [main-SendThread(192.168.81.133:2181)] INFO  org.apache.zookeeper.ClientCnxn - Socket connection established to 192.168.81.133/192.168.81.133:2181, initiating session
2023-04-27 09:02:10.472 [main-SendThread(192.168.81.133:2181)] INFO  org.apache.zookeeper.ClientCnxn - Session establishment complete on server 192.168.81.133/192.168.81.133:2181, sessionid = 0x100000628fd0002, negotiated timeout = 40000
2023-04-27 09:02:10.479 [main-EventThread] INFO  o.a.curator.framework.state.ConnectionStateManager - State change: CONNECTED
2023-04-27 09:02:11.528 [main] INFO  org.apache.coyote.http11.Http11NioProtocol - Starting ProtocolHandler ["http-nio-8086"]
2023-04-27 09:02:11.559 [main] INFO  o.s.boot.web.embedded.tomcat.TomcatWebServer - Tomcat started on port(s): 8086 (http) with context path ''
2023-04-27 09:02:13.196 [http-nio-8086-exec-1] INFO  o.a.c.core.ContainerBase.[Tomcat].[localhost].[/] - Initializing Spring DispatcherServlet 'dispatcherServlet'
2023-04-27 09:02:13.197 [http-nio-8086-exec-1] INFO  org.springframework.web.servlet.DispatcherServlet - Initializing Servlet 'dispatcherServlet'
2023-04-27 09:02:13.198 [http-nio-8086-exec-1] INFO  org.springframework.web.servlet.DispatcherServlet - Completed initialization in 1 ms
2023-04-27 09:02:15.249 [main] INFO  o.a.curator.framework.imps.CuratorFrameworkImpl - Starting
2023-04-27 09:02:15.249 [main] INFO  org.apache.zookeeper.ZooKeeper - Initiating client connection, connectString=192.168.81.133:2181 sessionTimeout=60000 watcher=org.apache.curator.ConnectionState@3b42121d
2023-04-27 09:02:15.251 [main] INFO  o.a.curator.framework.imps.CuratorFrameworkImpl - Default schema
2023-04-27 09:02:24.252 [main-SendThread(192.168.81.133:2181)] INFO  org.apache.zookeeper.ClientCnxn - Opening socket connection to server 192.168.81.133/192.168.81.133:2181. Will not attempt to authenticate using SASL (unknown error)
2023-04-27 09:02:24.254 [main-SendThread(192.168.81.133:2181)] INFO  org.apache.zookeeper.ClientCnxn - Socket connection established to 192.168.81.133/192.168.81.133:2181, initiating session
2023-04-27 09:02:24.265 [main-SendThread(192.168.81.133:2181)] INFO  org.apache.zookeeper.ClientCnxn - Session establishment complete on server 192.168.81.133/192.168.81.133:2181, sessionid = 0x100000628fd0003, negotiated timeout = 40000
2023-04-27 09:02:24.265 [main-EventThread] INFO  o.a.curator.framework.state.ConnectionStateManager - State change: CONNECTED
2023-04-27 09:02:24.919 [main] INFO  cn.cnnic.dataCenter.ConsumerApplication - Started ConsumerApplication in 26.859 seconds (JVM running for 27.789)
2023-04-27 09:05:45.255 [main] INFO  cn.cnnic.dataCenter.ConsumerApplication - Starting ConsumerApplication using Java 1.8.0_191 on cnnic-PC with PID 8012 (E:\workspace\20230401\dubbo-spring-boot-demo\dubbo-spring-boot-demo-consumer\target\classes started by cnnic in E:\workspace\20230401\dubbo-spring-boot-demo)
2023-04-27 09:05:45.259 [main] INFO  cn.cnnic.dataCenter.ConsumerApplication - No active profile set, falling back to 1 default profile: "default"
2023-04-27 09:05:46.770 [main] INFO  o.s.boot.web.embedded.tomcat.TomcatWebServer - Tomcat initialized with port(s): 8086 (http)
2023-04-27 09:05:46.782 [main] INFO  org.apache.coyote.http11.Http11NioProtocol - Initializing ProtocolHandler ["http-nio-8086"]
2023-04-27 09:05:46.783 [main] INFO  org.apache.catalina.core.StandardService - Starting service [Tomcat]
2023-04-27 09:05:46.783 [main] INFO  org.apache.catalina.core.StandardEngine - Starting Servlet engine: [Apache Tomcat/9.0.71]
2023-04-27 09:05:46.963 [main] INFO  o.a.c.core.ContainerBase.[Tomcat].[localhost].[/] - Initializing Spring embedded WebApplicationContext
2023-04-27 09:05:46.964 [main] INFO  o.s.b.w.s.c.ServletWebServerApplicationContext - Root WebApplicationContext: initialization completed in 1644 ms
2023-04-27 09:05:47.223 [main] INFO  o.s.b.a.l.ConditionEvaluationReportLoggingListener - 

Error starting ApplicationContext. To display the conditions report re-run your application with 'debug' enabled.
2023-04-27 09:08:38.105 [main] INFO  cn.cnnic.dataCenter.ConsumerApplication - Starting ConsumerApplication using Java 1.8.0_191 on cnnic-PC with PID 9636 (E:\workspace\20230401\dubbo-spring-boot-demo\dubbo-spring-boot-demo-consumer\target\classes started by cnnic in E:\workspace\20230401\dubbo-spring-boot-demo)
2023-04-27 09:08:38.108 [main] INFO  cn.cnnic.dataCenter.ConsumerApplication - No active profile set, falling back to 1 default profile: "default"
2023-04-27 09:08:39.572 [main] INFO  o.s.boot.web.embedded.tomcat.TomcatWebServer - Tomcat initialized with port(s): 8086 (http)
2023-04-27 09:08:39.583 [main] INFO  org.apache.coyote.http11.Http11NioProtocol - Initializing ProtocolHandler ["http-nio-8086"]
2023-04-27 09:08:39.584 [main] INFO  org.apache.catalina.core.StandardService - Starting service [Tomcat]
2023-04-27 09:08:39.584 [main] INFO  org.apache.catalina.core.StandardEngine - Starting Servlet engine: [Apache Tomcat/9.0.71]
2023-04-27 09:08:39.760 [main] INFO  o.a.c.core.ContainerBase.[Tomcat].[localhost].[/] - Initializing Spring embedded WebApplicationContext
2023-04-27 09:08:39.761 [main] INFO  o.s.b.w.s.c.ServletWebServerApplicationContext - Root WebApplicationContext: initialization completed in 1606 ms
2023-04-27 09:08:40.008 [main] INFO  o.s.b.a.l.ConditionEvaluationReportLoggingListener - 

Error starting ApplicationContext. To display the conditions report re-run your application with 'debug' enabled.
2023-04-27 09:09:41.875 [main] INFO  cn.cnnic.dataCenter.ConsumerApplication - Starting ConsumerApplication using Java 1.8.0_191 on cnnic-PC with PID 8072 (E:\workspace\20230401\dubbo-spring-boot-demo\dubbo-spring-boot-demo-consumer\target\classes started by cnnic in E:\workspace\20230401\dubbo-spring-boot-demo)
2023-04-27 09:09:41.878 [main] INFO  cn.cnnic.dataCenter.ConsumerApplication - No active profile set, falling back to 1 default profile: "default"
2023-04-27 09:09:42.934 [main] INFO  o.springframework.cloud.context.scope.GenericScope - BeanFactory id=652fc221-9488-3a4e-a718-af08962dad62
2023-04-27 09:09:43.623 [main] INFO  o.s.boot.web.embedded.tomcat.TomcatWebServer - Tomcat initialized with port(s): 8086 (http)
2023-04-27 09:09:43.633 [main] INFO  org.apache.coyote.http11.Http11NioProtocol - Initializing ProtocolHandler ["http-nio-8086"]
2023-04-27 09:09:43.633 [main] INFO  org.apache.catalina.core.StandardService - Starting service [Tomcat]
2023-04-27 09:09:43.633 [main] INFO  org.apache.catalina.core.StandardEngine - Starting Servlet engine: [Apache Tomcat/9.0.71]
2023-04-27 09:09:43.817 [main] INFO  o.a.c.core.ContainerBase.[Tomcat].[localhost].[/] - Initializing Spring embedded WebApplicationContext
2023-04-27 09:09:43.818 [main] INFO  o.s.b.w.s.c.ServletWebServerApplicationContext - Root WebApplicationContext: initialization completed in 1838 ms
2023-04-27 09:09:44.196 [main] INFO  c.a.n.p.auth.spi.client.ClientAuthPluginManager - [ClientAuthPluginManager] Load ClientAuthService com.alibaba.nacos.client.auth.impl.NacosClientAuthServiceImpl success.
2023-04-27 09:09:44.196 [main] INFO  c.a.n.p.auth.spi.client.ClientAuthPluginManager - [ClientAuthPluginManager] Load ClientAuthService com.alibaba.nacos.client.auth.ram.RamClientAuthServiceImpl success.
2023-04-27 09:09:45.920 [main] INFO  c.a.n.p.auth.spi.client.ClientAuthPluginManager - [ClientAuthPluginManager] Load ClientAuthService com.alibaba.nacos.client.auth.impl.NacosClientAuthServiceImpl success.
2023-04-27 09:09:45.921 [main] INFO  c.a.n.p.auth.spi.client.ClientAuthPluginManager - [ClientAuthPluginManager] Load ClientAuthService com.alibaba.nacos.client.auth.ram.RamClientAuthServiceImpl success.
2023-04-27 09:09:47.545 [main] INFO  c.a.n.p.auth.spi.client.ClientAuthPluginManager - [ClientAuthPluginManager] Load ClientAuthService com.alibaba.nacos.client.auth.impl.NacosClientAuthServiceImpl success.
2023-04-27 09:09:47.546 [main] INFO  c.a.n.p.auth.spi.client.ClientAuthPluginManager - [ClientAuthPluginManager] Load ClientAuthService com.alibaba.nacos.client.auth.ram.RamClientAuthServiceImpl success.
2023-04-27 09:09:50.622 [main] INFO  org.apache.coyote.http11.Http11NioProtocol - Starting ProtocolHandler ["http-nio-8086"]
2023-04-27 09:09:50.634 [main] INFO  o.s.boot.web.embedded.tomcat.TomcatWebServer - Tomcat started on port(s): 8086 (http) with context path ''
2023-04-27 09:09:51.060 [main] INFO  c.a.n.p.auth.spi.client.ClientAuthPluginManager - [ClientAuthPluginManager] Load ClientAuthService com.alibaba.nacos.client.auth.impl.NacosClientAuthServiceImpl success.
2023-04-27 09:09:51.060 [main] INFO  c.a.n.p.auth.spi.client.ClientAuthPluginManager - [ClientAuthPluginManager] Load ClientAuthService com.alibaba.nacos.client.auth.ram.RamClientAuthServiceImpl success.
2023-04-27 09:09:51.490 [main] INFO  c.a.n.p.auth.spi.client.ClientAuthPluginManager - [ClientAuthPluginManager] Load ClientAuthService com.alibaba.nacos.client.auth.impl.NacosClientAuthServiceImpl success.
2023-04-27 09:09:51.491 [main] INFO  c.a.n.p.auth.spi.client.ClientAuthPluginManager - [ClientAuthPluginManager] Load ClientAuthService com.alibaba.nacos.client.auth.ram.RamClientAuthServiceImpl success.
2023-04-27 09:09:52.151 [main] INFO  cn.cnnic.dataCenter.ConsumerApplication - Started ConsumerApplication in 11.273 seconds (JVM running for 12.158)
2023-04-27 09:27:40.302 [main] INFO  cn.cnnic.dataCenter.ConsumerApplication - Starting ConsumerApplication using Java 1.8.0_191 on cnnic-PC with PID 9488 (E:\workspace\20230401\dubbo-spring-boot-demo\dubbo-spring-boot-demo-consumer\target\classes started by cnnic in E:\workspace\20230401\dubbo-spring-boot-demo)
2023-04-27 09:27:40.305 [main] INFO  cn.cnnic.dataCenter.ConsumerApplication - No active profile set, falling back to 1 default profile: "default"
2023-04-27 09:27:41.321 [main] INFO  o.springframework.cloud.context.scope.GenericScope - BeanFactory id=652fc221-9488-3a4e-a718-af08962dad62
2023-04-27 09:27:41.942 [main] INFO  o.s.boot.web.embedded.tomcat.TomcatWebServer - Tomcat initialized with port(s): 8086 (http)
2023-04-27 09:27:41.953 [main] INFO  org.apache.coyote.http11.Http11NioProtocol - Initializing ProtocolHandler ["http-nio-8086"]
2023-04-27 09:27:41.953 [main] INFO  org.apache.catalina.core.StandardService - Starting service [Tomcat]
2023-04-27 09:27:41.954 [main] INFO  org.apache.catalina.core.StandardEngine - Starting Servlet engine: [Apache Tomcat/9.0.71]
2023-04-27 09:27:42.160 [main] INFO  o.a.c.core.ContainerBase.[Tomcat].[localhost].[/] - Initializing Spring embedded WebApplicationContext
2023-04-27 09:27:42.160 [main] INFO  o.s.b.w.s.c.ServletWebServerApplicationContext - Root WebApplicationContext: initialization completed in 1761 ms
2023-04-27 09:27:42.554 [main] INFO  c.a.n.p.auth.spi.client.ClientAuthPluginManager - [ClientAuthPluginManager] Load ClientAuthService com.alibaba.nacos.client.auth.impl.NacosClientAuthServiceImpl success.
2023-04-27 09:27:42.554 [main] INFO  c.a.n.p.auth.spi.client.ClientAuthPluginManager - [ClientAuthPluginManager] Load ClientAuthService com.alibaba.nacos.client.auth.ram.RamClientAuthServiceImpl success.
2023-04-27 09:27:43.969 [main] INFO  c.a.n.p.auth.spi.client.ClientAuthPluginManager - [ClientAuthPluginManager] Load ClientAuthService com.alibaba.nacos.client.auth.impl.NacosClientAuthServiceImpl success.
2023-04-27 09:27:43.970 [main] INFO  c.a.n.p.auth.spi.client.ClientAuthPluginManager - [ClientAuthPluginManager] Load ClientAuthService com.alibaba.nacos.client.auth.ram.RamClientAuthServiceImpl success.
2023-04-27 09:27:45.094 [main] INFO  c.a.n.p.auth.spi.client.ClientAuthPluginManager - [ClientAuthPluginManager] Load ClientAuthService com.alibaba.nacos.client.auth.impl.NacosClientAuthServiceImpl success.
2023-04-27 09:27:45.094 [main] INFO  c.a.n.p.auth.spi.client.ClientAuthPluginManager - [ClientAuthPluginManager] Load ClientAuthService com.alibaba.nacos.client.auth.ram.RamClientAuthServiceImpl success.
2023-04-27 09:27:48.187 [main] INFO  org.apache.coyote.http11.Http11NioProtocol - Starting ProtocolHandler ["http-nio-8086"]
2023-04-27 09:27:48.208 [main] INFO  o.s.boot.web.embedded.tomcat.TomcatWebServer - Tomcat started on port(s): 8086 (http) with context path ''
2023-04-27 09:27:48.638 [main] INFO  c.a.n.p.auth.spi.client.ClientAuthPluginManager - [ClientAuthPluginManager] Load ClientAuthService com.alibaba.nacos.client.auth.impl.NacosClientAuthServiceImpl success.
2023-04-27 09:27:48.639 [main] INFO  c.a.n.p.auth.spi.client.ClientAuthPluginManager - [ClientAuthPluginManager] Load ClientAuthService com.alibaba.nacos.client.auth.ram.RamClientAuthServiceImpl success.
2023-04-27 09:27:48.994 [main] INFO  c.a.n.p.auth.spi.client.ClientAuthPluginManager - [ClientAuthPluginManager] Load ClientAuthService com.alibaba.nacos.client.auth.impl.NacosClientAuthServiceImpl success.
2023-04-27 09:27:48.994 [main] INFO  c.a.n.p.auth.spi.client.ClientAuthPluginManager - [ClientAuthPluginManager] Load ClientAuthService com.alibaba.nacos.client.auth.ram.RamClientAuthServiceImpl success.
2023-04-27 09:27:49.545 [main] INFO  cn.cnnic.dataCenter.ConsumerApplication - Started ConsumerApplication in 10.263 seconds (JVM running for 11.164)
2023-04-27 09:36:07.585 [http-nio-8086-exec-1] INFO  o.a.c.core.ContainerBase.[Tomcat].[localhost].[/] - Initializing Spring DispatcherServlet 'dispatcherServlet'
2023-04-27 09:36:07.585 [http-nio-8086-exec-1] INFO  org.springframework.web.servlet.DispatcherServlet - Initializing Servlet 'dispatcherServlet'
2023-04-27 09:36:07.586 [http-nio-8086-exec-1] INFO  org.springframework.web.servlet.DispatcherServlet - Completed initialization in 1 ms
2023-04-27 09:38:42.224 [main] INFO  cn.cnnic.dataCenter.ConsumerApplication - Starting ConsumerApplication using Java 1.8.0_191 on cnnic-PC with PID 7624 (E:\workspace\20230401\dubbo-spring-boot-demo\dubbo-spring-boot-demo-consumer\target\classes started by cnnic in E:\workspace\20230401\dubbo-spring-boot-demo)
2023-04-27 09:38:42.227 [main] INFO  cn.cnnic.dataCenter.ConsumerApplication - No active profile set, falling back to 1 default profile: "default"
2023-04-27 09:38:43.227 [main] INFO  o.springframework.cloud.context.scope.GenericScope - BeanFactory id=652fc221-9488-3a4e-a718-af08962dad62
2023-04-27 09:38:43.854 [main] INFO  o.s.boot.web.embedded.tomcat.TomcatWebServer - Tomcat initialized with port(s): 8086 (http)
2023-04-27 09:38:43.863 [main] INFO  org.apache.coyote.http11.Http11NioProtocol - Initializing ProtocolHandler ["http-nio-8086"]
2023-04-27 09:38:43.864 [main] INFO  org.apache.catalina.core.StandardService - Starting service [Tomcat]
2023-04-27 09:38:43.864 [main] INFO  org.apache.catalina.core.StandardEngine - Starting Servlet engine: [Apache Tomcat/9.0.71]
2023-04-27 09:38:44.043 [main] INFO  o.a.c.core.ContainerBase.[Tomcat].[localhost].[/] - Initializing Spring embedded WebApplicationContext
2023-04-27 09:38:44.044 [main] INFO  o.s.b.w.s.c.ServletWebServerApplicationContext - Root WebApplicationContext: initialization completed in 1771 ms
2023-04-27 09:38:44.400 [main] INFO  org.apache.curator.utils.Compatibility - Running in ZooKeeper 3.4.x compatibility mode
2023-04-27 09:38:44.401 [main] INFO  org.apache.curator.utils.Compatibility - Using emulated InjectSessionExpiration
2023-04-27 09:38:44.420 [main] INFO  o.a.curator.framework.imps.CuratorFrameworkImpl - Starting
2023-04-27 09:38:44.425 [main] INFO  org.apache.zookeeper.ZooKeeper - Client environment:zookeeper.version=3.4.14-4c25d480e66aadd371de8bd2fd8da255ac140bcf, built on 03/06/2019 16:18 GMT
2023-04-27 09:38:44.425 [main] INFO  org.apache.zookeeper.ZooKeeper - Client environment:host.name=cnnic-PC
2023-04-27 09:38:44.425 [main] INFO  org.apache.zookeeper.ZooKeeper - Client environment:java.version=1.8.0_191
2023-04-27 09:38:44.425 [main] INFO  org.apache.zookeeper.ZooKeeper - Client environment:java.vendor=Oracle Corporation
2023-04-27 09:38:44.425 [main] INFO  org.apache.zookeeper.ZooKeeper - Client environment:java.home=D:\java\jdk\jdk1.8.0_191\jre
2023-04-27 09:38:44.425 [main] INFO  org.apache.zookeeper.ZooKeeper - Client environment:java.class.path=D:\java\jdk\jdk1.8.0_191\jre\lib\charsets.jar;D:\java\jdk\jdk1.8.0_191\jre\lib\deploy.jar;D:\java\jdk\jdk1.8.0_191\jre\lib\ext\access-bridge-64.jar;D:\java\jdk\jdk1.8.0_191\jre\lib\ext\cldrdata.jar;D:\java\jdk\jdk1.8.0_191\jre\lib\ext\dnsns.jar;D:\java\jdk\jdk1.8.0_191\jre\lib\ext\jaccess.jar;D:\java\jdk\jdk1.8.0_191\jre\lib\ext\jfxrt.jar;D:\java\jdk\jdk1.8.0_191\jre\lib\ext\localedata.jar;D:\java\jdk\jdk1.8.0_191\jre\lib\ext\nashorn.jar;D:\java\jdk\jdk1.8.0_191\jre\lib\ext\sunec.jar;D:\java\jdk\jdk1.8.0_191\jre\lib\ext\sunjce_provider.jar;D:\java\jdk\jdk1.8.0_191\jre\lib\ext\sunmscapi.jar;D:\java\jdk\jdk1.8.0_191\jre\lib\ext\sunpkcs11.jar;D:\java\jdk\jdk1.8.0_191\jre\lib\ext\zipfs.jar;D:\java\jdk\jdk1.8.0_191\jre\lib\javaws.jar;D:\java\jdk\jdk1.8.0_191\jre\lib\jce.jar;D:\java\jdk\jdk1.8.0_191\jre\lib\jfr.jar;D:\java\jdk\jdk1.8.0_191\jre\lib\jfxswt.jar;D:\java\jdk\jdk1.8.0_191\jre\lib\jsse.jar;D:\java\jdk\jdk1.8.0_191\jre\lib\management-agent.jar;D:\java\jdk\jdk1.8.0_191\jre\lib\plugin.jar;D:\java\jdk\jdk1.8.0_191\jre\lib\resources.jar;D:\java\jdk\jdk1.8.0_191\jre\lib\rt.jar;E:\workspace\20230401\dubbo-spring-boot-demo\dubbo-spring-boot-demo-consumer\target\classes;E:\workspace\20230401\dubbo-spring-boot-demo\dubbo-spring-boot-demo-interface\target\classes;C:\Users\cnnic\.m2\repository\org\apache\dubbo\dubbo-common\3.1.5\dubbo-common-3.1.5.jar;C:\Users\cnnic\.m2\repository\commons-logging\commons-logging\1.2\commons-logging-1.2.jar;C:\Users\cnnic\.m2\repository\log4j\log4j\1.2.17\log4j-1.2.17.jar;C:\Users\cnnic\.m2\repository\org\javassist\javassist\3.28.0-GA\javassist-3.28.0-GA.jar;C:\Users\cnnic\.m2\repository\com\alibaba\fastjson\1.2.83\fastjson-1.2.83.jar;C:\Users\cnnic\.m2\repository\com\google\code\gson\gson\2.9.1\gson-2.9.1.jar;C:\Users\cnnic\.m2\repository\commons-io\commons-io\2.11.0\commons-io-2.11.0.jar;C:\Users\cnnic\.m2\repository\javax\annotation\javax.annotation-api\1.3.2\javax.annotation-api-1.3.2.jar;C:\Users\cnnic\.m2\repository\org\projectlombok\lombok\1.18.24\lombok-1.18.24.jar;C:\Users\cnnic\.m2\repository\com\google\protobuf\protobuf-java\3.18.3\protobuf-java-3.18.3.jar;C:\Users\cnnic\.m2\repository\org\apache\dubbo\dubbo-serialization-protobuf\2.7.23\dubbo-serialization-protobuf-2.7.23.jar;C:\Users\cnnic\.m2\repository\org\apache\dubbo\dubbo-serialization-api\3.1.5\dubbo-serialization-api-3.1.5.jar;C:\Users\cnnic\.m2\repository\com\google\protobuf\protobuf-java-util\3.18.3\protobuf-java-util-3.18.3.jar;C:\Users\cnnic\.m2\repository\com\google\guava\guava\31.0.1-jre\guava-31.0.1-jre.jar;C:\Users\cnnic\.m2\repository\com\google\guava\failureaccess\1.0.1\failureaccess-1.0.1.jar;C:\Users\cnnic\.m2\repository\com\google\guava\listenablefuture\9999.0-empty-to-avoid-conflict-with-guava\listenablefuture-9999.0-empty-to-avoid-conflict-with-guava.jar;C:\Users\cnnic\.m2\repository\com\google\code\findbugs\jsr305\3.0.2\jsr305-3.0.2.jar;C:\Users\cnnic\.m2\repository\org\checkerframework\checker-qual\3.12.0\checker-qual-3.12.0.jar;C:\Users\cnnic\.m2\repository\com\google\errorprone\error_prone_annotations\2.7.1\error_prone_annotations-2.7.1.jar;C:\Users\cnnic\.m2\repository\com\google\j2objc\j2objc-annotations\1.3\j2objc-annotations-1.3.jar;C:\Users\cnnic\.m2\repository\org\apache\dubbo\dubbo-spring-boot-starter\3.1.5\dubbo-spring-boot-starter-3.1.5.jar;C:\Users\cnnic\.m2\repository\org\apache\dubbo\dubbo-spring-boot-autoconfigure\3.1.5\dubbo-spring-boot-autoconfigure-3.1.5.jar;C:\Users\cnnic\.m2\repository\org\apache\dubbo\dubbo-spring-boot-autoconfigure-compatible\3.1.5\dubbo-spring-boot-autoconfigure-compatible-3.1.5.jar;C:\Users\cnnic\.m2\repository\org\apache\dubbo\dubbo\3.1.5\dubbo-3.1.5.jar;C:\Users\cnnic\.m2\repository\io\netty\netty-all\4.1.87.Final\netty-all-4.1.87.Final.jar;C:\Users\cnnic\.m2\repository\io\netty\netty-codec-dns\4.1.87.Final\netty-codec-dns-4.1.87.Final.jar;C:\Users\cnnic\.m2\repository\io\netty\netty-codec-haproxy\4.1.87.Final\netty-codec-haproxy-4.1.87.Final.jar;C:\Users\cnnic\.m2\repository\io\netty\netty-codec-memcache\4.1.87.Final\netty-codec-memcache-4.1.87.Final.jar;C:\Users\cnnic\.m2\repository\io\netty\netty-codec-mqtt\4.1.87.Final\netty-codec-mqtt-4.1.87.Final.jar;C:\Users\cnnic\.m2\repository\io\netty\netty-codec-redis\4.1.87.Final\netty-codec-redis-4.1.87.Final.jar;C:\Users\cnnic\.m2\repository\io\netty\netty-codec-smtp\4.1.87.Final\netty-codec-smtp-4.1.87.Final.jar;C:\Users\cnnic\.m2\repository\io\netty\netty-codec-socks\4.1.87.Final\netty-codec-socks-4.1.87.Final.jar;C:\Users\cnnic\.m2\repository\io\netty\netty-codec-stomp\4.1.87.Final\netty-codec-stomp-4.1.87.Final.jar;C:\Users\cnnic\.m2\repository\io\netty\netty-codec-xml\4.1.87.Final\netty-codec-xml-4.1.87.Final.jar;C:\Users\cnnic\.m2\repository\io\netty\netty-handler-proxy\4.1.87.Final\netty-handler-proxy-4.1.87.Final.jar;C:\Users\cnnic\.m2\repository\io\netty\netty-handler-ssl-ocsp\4.1.87.Final\netty-handler-ssl-ocsp-4.1.87.Final.jar;C:\Users\cnnic\.m2\repository\io\netty\netty-resolver-dns\4.1.87.Final\netty-resolver-dns-4.1.87.Final.jar;C:\Users\cnnic\.m2\repository\io\netty\netty-transport-rxtx\4.1.87.Final\netty-transport-rxtx-4.1.87.Final.jar;C:\Users\cnnic\.m2\repository\io\netty\netty-transport-sctp\4.1.87.Final\netty-transport-sctp-4.1.87.Final.jar;C:\Users\cnnic\.m2\repository\io\netty\netty-transport-udt\4.1.87.Final\netty-transport-udt-4.1.87.Final.jar;C:\Users\cnnic\.m2\repository\io\netty\netty-resolver-dns-classes-macos\4.1.87.Final\netty-resolver-dns-classes-macos-4.1.87.Final.jar;C:\Users\cnnic\.m2\repository\io\netty\netty-transport-native-epoll\4.1.87.Final\netty-transport-native-epoll-4.1.87.Final-linux-x86_64.jar;C:\Users\cnnic\.m2\repository\io\netty\netty-resolver-dns-native-macos\4.1.87.Final\netty-resolver-dns-native-macos-4.1.87.Final-osx-x86_64.jar;C:\Users\cnnic\.m2\repository\io\netty\netty-resolver-dns-native-macos\4.1.87.Final\netty-resolver-dns-native-macos-4.1.87.Final-osx-aarch_64.jar;C:\Users\cnnic\.m2\repository\com\alibaba\fastjson2\fastjson2\2.0.23\fastjson2-2.0.23.jar;C:\Users\cnnic\.m2\repository\org\apache\curator\curator-x-discovery\4.2.0\curator-x-discovery-4.2.0.jar;C:\Users\cnnic\.m2\repository\org\apache\curator\curator-recipes\4.2.0\curator-recipes-4.2.0.jar;C:\Users\cnnic\.m2\repository\org\apache\curator\curator-framework\4.2.0\curator-framework-4.2.0.jar;C:\Users\cnnic\.m2\repository\org\apache\curator\curator-client\4.2.0\curator-client-4.2.0.jar;C:\Users\cnnic\.m2\repository\com\fasterxml\jackson\core\jackson-databind\2.13.4.2\jackson-databind-2.13.4.2.jar;C:\Users\cnnic\.m2\repository\com\fasterxml\jackson\core\jackson-annotations\2.13.4\jackson-annotations-2.13.4.jar;C:\Users\cnnic\.m2\repository\org\apache\zookeeper\zookeeper\3.4.14\zookeeper-3.4.14.jar;C:\Users\cnnic\.m2\repository\org\slf4j\slf4j-api\1.7.36\slf4j-api-1.7.36.jar;C:\Users\cnnic\.m2\repository\com\github\spotbugs\spotbugs-annotations\3.1.9\spotbugs-annotations-3.1.9.jar;C:\Users\cnnic\.m2\repository\org\apache\yetus\audience-annotations\0.5.0\audience-annotations-0.5.0.jar;C:\Users\cnnic\.m2\repository\commons-cli\commons-cli\1.4\commons-cli-1.4.jar;C:\Users\cnnic\.m2\repository\org\eclipse\jetty\jetty-server\9.4.50.v20221201\jetty-server-9.4.50.v20221201.jar;C:\Users\cnnic\.m2\repository\javax\servlet\javax.servlet-api\4.0.1\javax.servlet-api-4.0.1.jar;C:\Users\cnnic\.m2\repository\org\eclipse\jetty\jetty-http\9.4.50.v20221201\jetty-http-9.4.50.v20221201.jar;C:\Users\cnnic\.m2\repository\org\eclipse\jetty\jetty-util\9.4.50.v20221201\jetty-util-9.4.50.v20221201.jar;C:\Users\cnnic\.m2\repository\org\eclipse\jetty\jetty-io\9.4.50.v20221201\jetty-io-9.4.50.v20221201.jar;C:\Users\cnnic\.m2\repository\org\eclipse\jetty\jetty-servlet\9.4.50.v20221201\jetty-servlet-9.4.50.v20221201.jar;C:\Users\cnnic\.m2\repository\org\eclipse\jetty\jetty-security\9.4.50.v20221201\jetty-security-9.4.50.v20221201.jar;C:\Users\cnnic\.m2\repository\org\eclipse\jetty\jetty-util-ajax\9.4.50.v20221201\jetty-util-ajax-9.4.50.v20221201.jar;C:\Users\cnnic\.m2\repository\org\eclipse\jetty\jetty-client\9.4.50.v20221201\jetty-client-9.4.50.v20221201.jar;C:\Users\cnnic\.m2\repository\jline\jline\2.14.6\jline-2.14.6.jar;C:\Users\cnnic\.m2\repository\io\dropwizard\metrics\metrics-core\4.2.15\metrics-core-4.2.15.jar;C:\Users\cnnic\.m2\repository\org\xerial\snappy\snappy-java\1.1.8.4\snappy-java-1.1.8.4.jar;C:\Users\cnnic\.m2\repository\org\springframework\boot\spring-boot-starter\2.7.8\spring-boot-starter-2.7.8.jar;C:\Users\cnnic\.m2\repository\org\springframework\boot\spring-boot\2.7.8\spring-boot-2.7.8.jar;C:\Users\cnnic\.m2\repository\org\springframework\spring-context\5.3.25\spring-context-5.3.25.jar;C:\Users\cnnic\.m2\repository\org\springframework\boot\spring-boot-autoconfigure\2.7.8\spring-boot-autoconfigure-2.7.8.jar;C:\Users\cnnic\.m2\repository\org\springframework\boot\spring-boot-starter-logging\2.7.8\spring-boot-starter-logging-2.7.8.jar;C:\Users\cnnic\.m2\repository\ch\qos\logback\logback-classic\1.2.11\logback-classic-1.2.11.jar;C:\Users\cnnic\.m2\repository\ch\qos\logback\logback-core\1.2.11\logback-core-1.2.11.jar;C:\Users\cnnic\.m2\repository\org\apache\logging\log4j\log4j-to-slf4j\2.17.2\log4j-to-slf4j-2.17.2.jar;C:\Users\cnnic\.m2\repository\org\apache\logging\log4j\log4j-api\2.17.2\log4j-api-2.17.2.jar;C:\Users\cnnic\.m2\repository\org\slf4j\jul-to-slf4j\1.7.36\jul-to-slf4j-1.7.36.jar;C:\Users\cnnic\.m2\repository\jakarta\annotation\jakarta.annotation-api\1.3.5\jakarta.annotation-api-1.3.5.jar;C:\Users\cnnic\.m2\repository\org\springframework\spring-core\5.3.25\spring-core-5.3.25.jar;C:\Users\cnnic\.m2\repository\org\springframework\spring-jcl\5.3.25\spring-jcl-5.3.25.jar;C:\Users\cnnic\.m2\repository\org\yaml\snakeyaml\1.30\snakeyaml-1.30.jar;C:\Users\cnnic\.m2\repository\org\apache\dubbo\dubbo-rpc-dubbo\3.1.5\dubbo-rpc-dubbo-3.1.5.jar;C:\Users\cnnic\.m2\repository\org\apache\dubbo\dubbo-rpc-api\3.1.5\dubbo-rpc-api-3.1.5.jar;C:\Users\cnnic\.m2\repository\org\apache\dubbo\dubbo-remoting-api\3.1.5\dubbo-remoting-api-3.1.5.jar;C:\Users\cnnic\.m2\repository\io\netty\netty-codec\4.1.87.Final\netty-codec-4.1.87.Final.jar;C:\Users\cnnic\.m2\repository\io\netty\netty-handler\4.1.87.Final\netty-handler-4.1.87.Final.jar;C:\Users\cnnic\.m2\repository\io\netty\netty-resolver\4.1.87.Final\netty-resolver-4.1.87.Final.jar;C:\Users\cnnic\.m2\repository\io\netty\netty-transport-native-unix-common\4.1.87.Final\netty-transport-native-unix-common-4.1.87.Final.jar;C:\Users\cnnic\.m2\repository\io\netty\netty-transport\4.1.87.Final\netty-transport-4.1.87.Final.jar;C:\Users\cnnic\.m2\repository\io\netty\netty-transport-classes-epoll\4.1.87.Final\netty-transport-classes-epoll-4.1.87.Final.jar;C:\Users\cnnic\.m2\repository\io\netty\netty-transport-native-epoll\4.1.87.Final\netty-transport-native-epoll-4.1.87.Final-linux-aarch_64.jar;C:\Users\cnnic\.m2\repository\io\netty\netty-transport-native-kqueue\4.1.87.Final\netty-transport-native-kqueue-4.1.87.Final-osx-x86_64.jar;C:\Users\cnnic\.m2\repository\io\netty\netty-transport-classes-kqueue\4.1.87.Final\netty-transport-classes-kqueue-4.1.87.Final.jar;C:\Users\cnnic\.m2\repository\io\netty\netty-transport-native-kqueue\4.1.87.Final\netty-transport-native-kqueue-4.1.87.Final-osx-aarch_64.jar;C:\Users\cnnic\.m2\repository\org\apache\dubbo\dubbo-cluster\3.1.5\dubbo-cluster-3.1.5.jar;C:\Users\cnnic\.m2\repository\org\apache\dubbo\dubbo-rpc-triple\3.1.5\dubbo-rpc-triple-3.1.5.jar;C:\Users\cnnic\.m2\repository\io\netty\netty-codec-http2\4.1.87.Final\netty-codec-http2-4.1.87.Final.jar;C:\Users\cnnic\.m2\repository\io\netty\netty-common\4.1.87.Final\netty-common-4.1.87.Final.jar;C:\Users\cnnic\.m2\repository\io\netty\netty-buffer\4.1.87.Final\netty-buffer-4.1.87.Final.jar;C:\Users\cnnic\.m2\repository\io\netty\netty-codec-http\4.1.87.Final\netty-codec-http-4.1.87.Final.jar;C:\Users\cnnic\.m2\repository\org\apache\commons\commons-compress\1.21\commons-compress-1.21.jar;C:\Users\cnnic\.m2\repository\org\springframework\boot\spring-boot-starter-web\2.7.8\spring-boot-starter-web-2.7.8.jar;C:\Users\cnnic\.m2\repository\org\springframework\boot\spring-boot-starter-json\2.7.8\spring-boot-starter-json-2.7.8.jar;C:\Users\cnnic\.m2\repository\com\fasterxml\jackson\datatype\jackson-datatype-jdk8\2.13.4\jackson-datatype-jdk8-2.13.4.jar;C:\Users\cnnic\.m2\repository\com\fasterxml\jackson\datatype\jackson-datatype-jsr310\2.13.4\jackson-datatype-jsr310-2.13.4.jar;C:\Users\cnnic\.m2\repository\com\fasterxml\jackson\module\jackson-module-parameter-names\2.13.4\jackson-module-parameter-names-2.13.4.jar;C:\Users\cnnic\.m2\repository\org\springframework\boot\spring-boot-starter-tomcat\2.7.8\spring-boot-starter-tomcat-2.7.8.jar;C:\Users\cnnic\.m2\repository\org\apache\tomcat\embed\tomcat-embed-core\9.0.71\tomcat-embed-core-9.0.71.jar;C:\Users\cnnic\.m2\repository\org\apache\tomcat\embed\tomcat-embed-el\9.0.71\tomcat-embed-el-9.0.71.jar;C:\Users\cnnic\.m2\repository\org\apache\tomcat\embed\tomcat-embed-websocket\9.0.71\tomcat-embed-websocket-9.0.71.jar;C:\Users\cnnic\.m2\repository\org\springframework\spring-web\5.3.25\spring-web-5.3.25.jar;C:\Users\cnnic\.m2\repository\org\springframework\spring-beans\5.3.25\spring-beans-5.3.25.jar;C:\Users\cnnic\.m2\repository\org\springframework\spring-webmvc\5.3.25\spring-webmvc-5.3.25.jar;C:\Users\cnnic\.m2\repository\org\springframework\spring-aop\5.3.25\spring-aop-5.3.25.jar;C:\Users\cnnic\.m2\repository\org\springframework\spring-expression\5.3.25\spring-expression-5.3.25.jar;C:\Users\cnnic\.m2\repository\com\alibaba\cloud\spring-cloud-starter-alibaba-nacos-discovery\2021.0.4.0\spring-cloud-starter-alibaba-nacos-discovery-2021.0.4.0.jar;C:\Users\cnnic\.m2\repository\com\alibaba\cloud\spring-cloud-alibaba-commons\2021.0.4.0\spring-cloud-alibaba-commons-2021.0.4.0.jar;C:\Users\cnnic\.m2\repository\com\alibaba\nacos\nacos-client\2.1.2\nacos-client-2.1.2.jar;C:\Users\cnnic\.m2\repository\com\alibaba\nacos\nacos-auth-plugin\2.1.2\nacos-auth-plugin-2.1.2.jar;C:\Users\cnnic\.m2\repository\com\alibaba\nacos\nacos-encryption-plugin\2.1.2\nacos-encryption-plugin-2.1.2.jar;C:\Users\cnnic\.m2\repository\commons-codec\commons-codec\1.15\commons-codec-1.15.jar;C:\Users\cnnic\.m2\repository\com\fasterxml\jackson\core\jackson-core\2.13.4\jackson-core-2.13.4.jar;C:\Users\cnnic\.m2\repository\org\apache\httpcomponents\httpasyncclient\4.1.5\httpasyncclient-4.1.5.jar;C:\Users\cnnic\.m2\repository\org\apache\httpcomponents\httpcore\4.4.16\httpcore-4.4.16.jar;C:\Users\cnnic\.m2\repository\org\apache\httpcomponents\httpcore-nio\4.4.16\httpcore-nio-4.4.16.jar;C:\Users\cnnic\.m2\repository\org\apache\httpcomponents\httpclient\4.5.14\httpclient-4.5.14.jar;C:\Users\cnnic\.m2\repository\io\prometheus\simpleclient\0.15.0\simpleclient-0.15.0.jar;C:\Users\cnnic\.m2\repository\io\prometheus\simpleclient_tracer_otel\0.15.0\simpleclient_tracer_otel-0.15.0.jar;C:\Users\cnnic\.m2\repository\io\prometheus\simpleclient_tracer_common\0.15.0\simpleclient_tracer_common-0.15.0.jar;C:\Users\cnnic\.m2\repository\io\prometheus\simpleclient_tracer_otel_agent\0.15.0\simpleclient_tracer_otel_agent-0.15.0.jar;C:\Users\cnnic\.m2\repository\com\alibaba\spring\spring-context-support\1.0.8\spring-context-support-1.0.8.jar;C:\Users\cnnic\.m2\repository\org\springframework\cloud\spring-cloud-commons\3.1.4\spring-cloud-commons-3.1.4.jar;C:\Users\cnnic\.m2\repository\org\springframework\security\spring-security-crypto\5.7.6\spring-security-crypto-5.7.6.jar;C:\Users\cnnic\.m2\repository\org\springframework\cloud\spring-cloud-context\3.1.4\spring-cloud-context-3.1.4.jar;D:\JetBrains\IntelliJ IDEA 2022.3.3\lib\idea_rt.jar
2023-04-27 09:38:44.426 [main] INFO  org.apache.zookeeper.ZooKeeper - Client environment:java.library.path=D:\java\jdk\jdk1.8.0_191\bin;C:\Windows\Sun\Java\bin;C:\Windows\system32;C:\Windows;C:\Program Files (x86)\Intel\iCLS Client\;C:\Program Files\Intel\iCLS Client\;C:\Windows\system32;C:\Windows;C:\Windows\System32\Wbem;C:\Windows\System32\WindowsPowerShell\v1.0\;C:\Program Files (x86)\Intel\UCRT\;C:\Program Files\Intel\UCRT\;C:\Program Files (x86)\Intel\Intel(R) Management Engine Components\DAL;C:\Program Files\Intel\Intel(R) Management Engine Components\DAL;C:\Program Files (x86)\Intel\Intel(R) Management Engine Components\IPT;C:\Program Files\Intel\Intel(R) Management Engine Components\IPT;D:\java\jdk\jdk-17.0.7/bin;D:\Program Files\xshell\;D:\Program Files\xftp7\;C:\Program Files\TortoiseSVN\bin;D:\Go\bin;D:\Program Files\nodejs\;D:\maven\apache-maven-3.6.3\bin;D:\Git\cmd;D:\protoc-22.3-win64\bin;C:\Users\cnnic\AppData\Local\Programs\Python\Python38\Scripts\;C:\Users\cnnic\AppData\Local\Programs\Python\Python38\;D:\Program Files\Microsoft VS Code\bin;C:\Users\cnnic\go\bin;C:\Users\cnnic\AppData\Roaming\npm;.
2023-04-27 09:38:44.426 [main] INFO  org.apache.zookeeper.ZooKeeper - Client environment:java.io.tmpdir=C:\Users\cnnic\AppData\Local\Temp\
2023-04-27 09:38:44.426 [main] INFO  org.apache.zookeeper.ZooKeeper - Client environment:java.compiler=<NA>
2023-04-27 09:38:44.426 [main] INFO  org.apache.zookeeper.ZooKeeper - Client environment:os.name=Windows 7
2023-04-27 09:38:44.426 [main] INFO  org.apache.zookeeper.ZooKeeper - Client environment:os.arch=amd64
2023-04-27 09:38:44.426 [main] INFO  org.apache.zookeeper.ZooKeeper - Client environment:os.version=6.1
2023-04-27 09:38:44.426 [main] INFO  org.apache.zookeeper.ZooKeeper - Client environment:user.name=cnnic
2023-04-27 09:38:44.426 [main] INFO  org.apache.zookeeper.ZooKeeper - Client environment:user.home=C:\Users\cnnic
2023-04-27 09:38:44.426 [main] INFO  org.apache.zookeeper.ZooKeeper - Client environment:user.dir=E:\workspace\20230401\dubbo-spring-boot-demo
2023-04-27 09:38:44.427 [main] INFO  org.apache.zookeeper.ZooKeeper - Initiating client connection, connectString=192.168.81.133:2181 sessionTimeout=60000 watcher=org.apache.curator.ConnectionState@49c675f0
2023-04-27 09:38:44.445 [main] INFO  o.a.curator.framework.imps.CuratorFrameworkImpl - Default schema
2023-04-27 09:38:53.451 [main-SendThread(192.168.81.133:2181)] INFO  org.apache.zookeeper.ClientCnxn - Opening socket connection to server 192.168.81.133/192.168.81.133:2181. Will not attempt to authenticate using SASL (unknown error)
2023-04-27 09:38:53.453 [main-SendThread(192.168.81.133:2181)] INFO  org.apache.zookeeper.ClientCnxn - Socket connection established to 192.168.81.133/192.168.81.133:2181, initiating session
2023-04-27 09:38:53.467 [main-SendThread(192.168.81.133:2181)] INFO  org.apache.zookeeper.ClientCnxn - Session establishment complete on server 192.168.81.133/192.168.81.133:2181, sessionid = 0x100000628fd0005, negotiated timeout = 40000
2023-04-27 09:38:53.479 [main-EventThread] INFO  o.a.curator.framework.state.ConnectionStateManager - State change: CONNECTED
2023-04-27 09:38:54.697 [main] INFO  c.a.n.p.auth.spi.client.ClientAuthPluginManager - [ClientAuthPluginManager] Load ClientAuthService com.alibaba.nacos.client.auth.impl.NacosClientAuthServiceImpl success.
2023-04-27 09:38:54.697 [main] INFO  c.a.n.p.auth.spi.client.ClientAuthPluginManager - [ClientAuthPluginManager] Load ClientAuthService com.alibaba.nacos.client.auth.ram.RamClientAuthServiceImpl success.
2023-04-27 09:38:58.659 [main] INFO  org.apache.coyote.http11.Http11NioProtocol - Starting ProtocolHandler ["http-nio-8086"]
2023-04-27 09:38:58.677 [main] INFO  o.s.boot.web.embedded.tomcat.TomcatWebServer - Tomcat started on port(s): 8086 (http) with context path ''
2023-04-27 09:38:59.367 [main] INFO  o.a.curator.framework.imps.CuratorFrameworkImpl - Starting
2023-04-27 09:38:59.367 [main] INFO  org.apache.zookeeper.ZooKeeper - Initiating client connection, connectString=192.168.81.133:2181 sessionTimeout=60000 watcher=org.apache.curator.ConnectionState@6cdee57
2023-04-27 09:38:59.368 [main] INFO  o.a.curator.framework.imps.CuratorFrameworkImpl - Default schema
2023-04-27 09:39:08.371 [main-SendThread(192.168.81.133:2181)] INFO  org.apache.zookeeper.ClientCnxn - Opening socket connection to server 192.168.81.133/192.168.81.133:2181. Will not attempt to authenticate using SASL (unknown error)
2023-04-27 09:39:08.373 [main-SendThread(192.168.81.133:2181)] INFO  org.apache.zookeeper.ClientCnxn - Socket connection established to 192.168.81.133/192.168.81.133:2181, initiating session
2023-04-27 09:39:08.381 [main-SendThread(192.168.81.133:2181)] INFO  org.apache.zookeeper.ClientCnxn - Session establishment complete on server 192.168.81.133/192.168.81.133:2181, sessionid = 0x100000628fd0007, negotiated timeout = 40000
2023-04-27 09:39:08.382 [main-EventThread] INFO  o.a.curator.framework.state.ConnectionStateManager - State change: CONNECTED
2023-04-27 09:39:10.014 [main] INFO  cn.cnnic.dataCenter.ConsumerApplication - Started ConsumerApplication in 28.725 seconds (JVM running for 29.575)
2023-04-27 09:39:17.080 [http-nio-8086-exec-1] INFO  o.a.c.core.ContainerBase.[Tomcat].[localhost].[/] - Initializing Spring DispatcherServlet 'dispatcherServlet'
2023-04-27 09:39:17.080 [http-nio-8086-exec-1] INFO  org.springframework.web.servlet.DispatcherServlet - Initializing Servlet 'dispatcherServlet'
2023-04-27 09:39:17.081 [http-nio-8086-exec-1] INFO  org.springframework.web.servlet.DispatcherServlet - Completed initialization in 1 ms
2023-04-27 09:39:17.755 [tri-protocol-2147483647-thread-2] INFO  cn.cnnic.dataCenter.controller.CustomerController - [{"realName":"","address":"ddd","createTime":"2023-04-11T13:51:52","mobile":"19999999999","company":"dd","updateTime":"2023-04-11T13:51:55","id":1,"email":"1111@mail.com","status":0},{"realName":"","address":"","createTime":"2022-12-03T13:14:17","mobile":"19811112222","company":"","updateTime":"2023-03-23T10:07:35","id":11,"email":"ssss@aaa.com","status":1},{"realName":"","address":"","createTime":"2023-03-22T09:47:45","mobile":"13011111111","company":"cnic","updateTime":"2023-03-22T09:47:45","id":22,"email":"wangyan@cnic.cn","status":0},{"realName":"","address":"1","createTime":"2023-02-24T10:14:31","mobile":"15811249006","company":"cnic","updateTime":"2023-03-21T15:14:21","id":20,"email":"zhangleilei0227@163.com","status":0},{"realName":"","address":"","createTime":"2023-02-24T10:44:29","mobile":"18210063741","company":"","updateTime":"2023-02-24T10:44:29","id":21,"email":"a@216.com","status":0},{"realName":"","address":"","createTime":"2022-12-01T08:24:13","mobile":"19900000000","company":"","updateTime":"2023-02-17T16:04:26","id":8,"email":"qiangjishen@cnnic.cn","status":0},{"realName":"","address":"xxxxx","createTime":"2022-12-09T14:00:24","mobile":"13811088999","company":"","updateTime":"2023-02-17T14:46:00","id":14,"email":"jiajia111@gmail.com","status":0},{"realName":"","address":"1111","createTime":"2023-02-17T14:32:03","mobile":"18800008888","company":"","updateTime":"2023-02-17T14:45:14","id":19,"email":"fuyisheng11@gmail.com","status":0},{"realName":"","address":"","createTime":"2023-01-04T11:45:14","mobile":"13833332222","company":"","updateTime":"2023-02-16T14:38:15","id":17,"email":"a@126.com","status":0},{"realName":"","address":"","createTime":"2022-12-02T16:45:00","mobile":"13811112222","company":"","updateTime":"2023-01-10T16:39:15","id":10,"email":"muzixi@twitter.com","status":1},{"realName":"","address":"","createTime":"2023-01-04T11:36:19","mobile":"13611112222","company":"ddd","updateTime":"2023-01-09T13:51:42","id":16,"email":"a@126.com","status":0},{"realName":"","address":"","createTime":"2023-01-04T11:32:41","mobile":"15811249001","company":"dddd","updateTime":"2023-01-04T11:32:41","id":15,"email":"asdwe@126.com","status":0},{"realName":"","address":"","createTime":"2022-12-06T09:12:56","mobile":"17611112222","company":"","updateTime":"2022-12-03T13:22:54","id":12,"email":"ssss@aaa.com","status":1},{"realName":"","address":"","createTime":"2022-11-17T08:51:11","mobile":"18800000000","company":"","updateTime":"2022-12-01T08:51:18","id":9,"email":"musk@twitter.com","status":0}]
2023-04-27 09:39:43.759 [tri-protocol-2147483647-thread-3] INFO  cn.cnnic.dataCenter.controller.CustomerController - [{"realName":"","address":"ddd","createTime":"2023-04-11T13:51:52","mobile":"19999999999","company":"dd","updateTime":"2023-04-11T13:51:55","id":1,"email":"1111@mail.com","status":0},{"realName":"","address":"","createTime":"2022-12-03T13:14:17","mobile":"19811112222","company":"","updateTime":"2023-03-23T10:07:35","id":11,"email":"ssss@aaa.com","status":1},{"realName":"","address":"","createTime":"2023-03-22T09:47:45","mobile":"13011111111","company":"cnic","updateTime":"2023-03-22T09:47:45","id":22,"email":"wangyan@cnic.cn","status":0},{"realName":"","address":"1","createTime":"2023-02-24T10:14:31","mobile":"15811249006","company":"cnic","updateTime":"2023-03-21T15:14:21","id":20,"email":"zhangleilei0227@163.com","status":0},{"realName":"","address":"","createTime":"2023-02-24T10:44:29","mobile":"18210063741","company":"","updateTime":"2023-02-24T10:44:29","id":21,"email":"a@216.com","status":0},{"realName":"","address":"","createTime":"2022-12-01T08:24:13","mobile":"19900000000","company":"","updateTime":"2023-02-17T16:04:26","id":8,"email":"qiangjishen@cnnic.cn","status":0},{"realName":"","address":"xxxxx","createTime":"2022-12-09T14:00:24","mobile":"13811088999","company":"","updateTime":"2023-02-17T14:46:00","id":14,"email":"jiajia111@gmail.com","status":0},{"realName":"","address":"1111","createTime":"2023-02-17T14:32:03","mobile":"18800008888","company":"","updateTime":"2023-02-17T14:45:14","id":19,"email":"fuyisheng11@gmail.com","status":0},{"realName":"","address":"","createTime":"2023-01-04T11:45:14","mobile":"13833332222","company":"","updateTime":"2023-02-16T14:38:15","id":17,"email":"a@126.com","status":0},{"realName":"","address":"","createTime":"2022-12-02T16:45:00","mobile":"13811112222","company":"","updateTime":"2023-01-10T16:39:15","id":10,"email":"muzixi@twitter.com","status":1},{"realName":"","address":"","createTime":"2023-01-04T11:36:19","mobile":"13611112222","company":"ddd","updateTime":"2023-01-09T13:51:42","id":16,"email":"a@126.com","status":0},{"realName":"","address":"","createTime":"2023-01-04T11:32:41","mobile":"15811249001","company":"dddd","updateTime":"2023-01-04T11:32:41","id":15,"email":"asdwe@126.com","status":0},{"realName":"","address":"","createTime":"2022-12-06T09:12:56","mobile":"17611112222","company":"","updateTime":"2022-12-03T13:22:54","id":12,"email":"ssss@aaa.com","status":1},{"realName":"","address":"","createTime":"2022-11-17T08:51:11","mobile":"18800000000","company":"","updateTime":"2022-12-01T08:51:18","id":9,"email":"musk@twitter.com","status":0}]
2023-04-27 09:39:47.902 [tri-protocol-2147483647-thread-4] INFO  cn.cnnic.dataCenter.controller.CustomerController - [{"realName":"","address":"ddd","createTime":"2023-04-11T13:51:52","mobile":"19999999999","company":"dd","updateTime":"2023-04-11T13:51:55","id":1,"email":"1111@mail.com","status":0},{"realName":"","address":"","createTime":"2022-12-03T13:14:17","mobile":"19811112222","company":"","updateTime":"2023-03-23T10:07:35","id":11,"email":"ssss@aaa.com","status":1},{"realName":"","address":"","createTime":"2023-03-22T09:47:45","mobile":"13011111111","company":"cnic","updateTime":"2023-03-22T09:47:45","id":22,"email":"wangyan@cnic.cn","status":0},{"realName":"","address":"1","createTime":"2023-02-24T10:14:31","mobile":"15811249006","company":"cnic","updateTime":"2023-03-21T15:14:21","id":20,"email":"zhangleilei0227@163.com","status":0},{"realName":"","address":"","createTime":"2023-02-24T10:44:29","mobile":"18210063741","company":"","updateTime":"2023-02-24T10:44:29","id":21,"email":"a@216.com","status":0},{"realName":"","address":"","createTime":"2022-12-01T08:24:13","mobile":"19900000000","company":"","updateTime":"2023-02-17T16:04:26","id":8,"email":"qiangjishen@cnnic.cn","status":0},{"realName":"","address":"xxxxx","createTime":"2022-12-09T14:00:24","mobile":"13811088999","company":"","updateTime":"2023-02-17T14:46:00","id":14,"email":"jiajia111@gmail.com","status":0},{"realName":"","address":"1111","createTime":"2023-02-17T14:32:03","mobile":"18800008888","company":"","updateTime":"2023-02-17T14:45:14","id":19,"email":"fuyisheng11@gmail.com","status":0},{"realName":"","address":"","createTime":"2023-01-04T11:45:14","mobile":"13833332222","company":"","updateTime":"2023-02-16T14:38:15","id":17,"email":"a@126.com","status":0},{"realName":"","address":"","createTime":"2022-12-02T16:45:00","mobile":"13811112222","company":"","updateTime":"2023-01-10T16:39:15","id":10,"email":"muzixi@twitter.com","status":1},{"realName":"","address":"","createTime":"2023-01-04T11:36:19","mobile":"13611112222","company":"ddd","updateTime":"2023-01-09T13:51:42","id":16,"email":"a@126.com","status":0},{"realName":"","address":"","createTime":"2023-01-04T11:32:41","mobile":"15811249001","company":"dddd","updateTime":"2023-01-04T11:32:41","id":15,"email":"asdwe@126.com","status":0},{"realName":"","address":"","createTime":"2022-12-06T09:12:56","mobile":"17611112222","company":"","updateTime":"2022-12-03T13:22:54","id":12,"email":"ssss@aaa.com","status":1},{"realName":"","address":"","createTime":"2022-11-17T08:51:11","mobile":"18800000000","company":"","updateTime":"2022-12-01T08:51:18","id":9,"email":"musk@twitter.com","status":0}]
2023-04-27 09:39:58.552 [tri-protocol-2147483647-thread-5] INFO  cn.cnnic.dataCenter.controller.CustomerController - [{"realName":"","address":"ddd","createTime":"2023-04-11T13:51:52","mobile":"19999999999","company":"dd","updateTime":"2023-04-11T13:51:55","id":1,"email":"1111@mail.com","status":0},{"realName":"","address":"","createTime":"2022-12-03T13:14:17","mobile":"19811112222","company":"","updateTime":"2023-03-23T10:07:35","id":11,"email":"ssss@aaa.com","status":1},{"realName":"","address":"","createTime":"2023-03-22T09:47:45","mobile":"13011111111","company":"cnic","updateTime":"2023-03-22T09:47:45","id":22,"email":"wangyan@cnic.cn","status":0},{"realName":"","address":"1","createTime":"2023-02-24T10:14:31","mobile":"15811249006","company":"cnic","updateTime":"2023-03-21T15:14:21","id":20,"email":"zhangleilei0227@163.com","status":0},{"realName":"","address":"","createTime":"2023-02-24T10:44:29","mobile":"18210063741","company":"","updateTime":"2023-02-24T10:44:29","id":21,"email":"a@216.com","status":0},{"realName":"","address":"","createTime":"2022-12-01T08:24:13","mobile":"19900000000","company":"","updateTime":"2023-02-17T16:04:26","id":8,"email":"qiangjishen@cnnic.cn","status":0},{"realName":"","address":"xxxxx","createTime":"2022-12-09T14:00:24","mobile":"13811088999","company":"","updateTime":"2023-02-17T14:46:00","id":14,"email":"jiajia111@gmail.com","status":0},{"realName":"","address":"1111","createTime":"2023-02-17T14:32:03","mobile":"18800008888","company":"","updateTime":"2023-02-17T14:45:14","id":19,"email":"fuyisheng11@gmail.com","status":0},{"realName":"","address":"","createTime":"2023-01-04T11:45:14","mobile":"13833332222","company":"","updateTime":"2023-02-16T14:38:15","id":17,"email":"a@126.com","status":0},{"realName":"","address":"","createTime":"2022-12-02T16:45:00","mobile":"13811112222","company":"","updateTime":"2023-01-10T16:39:15","id":10,"email":"muzixi@twitter.com","status":1},{"realName":"","address":"","createTime":"2023-01-04T11:36:19","mobile":"13611112222","company":"ddd","updateTime":"2023-01-09T13:51:42","id":16,"email":"a@126.com","status":0},{"realName":"","address":"","createTime":"2023-01-04T11:32:41","mobile":"15811249001","company":"dddd","updateTime":"2023-01-04T11:32:41","id":15,"email":"asdwe@126.com","status":0},{"realName":"","address":"","createTime":"2022-12-06T09:12:56","mobile":"17611112222","company":"","updateTime":"2022-12-03T13:22:54","id":12,"email":"ssss@aaa.com","status":1},{"realName":"","address":"","createTime":"2022-11-17T08:51:11","mobile":"18800000000","company":"","updateTime":"2022-12-01T08:51:18","id":9,"email":"musk@twitter.com","status":0}]
2023-04-27 09:40:03.044 [tri-protocol-2147483647-thread-7] INFO  cn.cnnic.dataCenter.controller.CustomerController - [{"realName":"","address":"ddd","createTime":"2023-04-11T13:51:52","mobile":"19999999999","company":"dd","updateTime":"2023-04-11T13:51:55","id":1,"email":"1111@mail.com","status":0},{"realName":"","address":"","createTime":"2022-12-03T13:14:17","mobile":"19811112222","company":"","updateTime":"2023-03-23T10:07:35","id":11,"email":"ssss@aaa.com","status":1},{"realName":"","address":"","createTime":"2023-03-22T09:47:45","mobile":"13011111111","company":"cnic","updateTime":"2023-03-22T09:47:45","id":22,"email":"wangyan@cnic.cn","status":0},{"realName":"","address":"1","createTime":"2023-02-24T10:14:31","mobile":"15811249006","company":"cnic","updateTime":"2023-03-21T15:14:21","id":20,"email":"zhangleilei0227@163.com","status":0},{"realName":"","address":"","createTime":"2023-02-24T10:44:29","mobile":"18210063741","company":"","updateTime":"2023-02-24T10:44:29","id":21,"email":"a@216.com","status":0},{"realName":"","address":"","createTime":"2022-12-01T08:24:13","mobile":"19900000000","company":"","updateTime":"2023-02-17T16:04:26","id":8,"email":"qiangjishen@cnnic.cn","status":0},{"realName":"","address":"xxxxx","createTime":"2022-12-09T14:00:24","mobile":"13811088999","company":"","updateTime":"2023-02-17T14:46:00","id":14,"email":"jiajia111@gmail.com","status":0},{"realName":"","address":"1111","createTime":"2023-02-17T14:32:03","mobile":"18800008888","company":"","updateTime":"2023-02-17T14:45:14","id":19,"email":"fuyisheng11@gmail.com","status":0},{"realName":"","address":"","createTime":"2023-01-04T11:45:14","mobile":"13833332222","company":"","updateTime":"2023-02-16T14:38:15","id":17,"email":"a@126.com","status":0},{"realName":"","address":"","createTime":"2022-12-02T16:45:00","mobile":"13811112222","company":"","updateTime":"2023-01-10T16:39:15","id":10,"email":"muzixi@twitter.com","status":1},{"realName":"","address":"","createTime":"2023-01-04T11:36:19","mobile":"13611112222","company":"ddd","updateTime":"2023-01-09T13:51:42","id":16,"email":"a@126.com","status":0},{"realName":"","address":"","createTime":"2023-01-04T11:32:41","mobile":"15811249001","company":"dddd","updateTime":"2023-01-04T11:32:41","id":15,"email":"asdwe@126.com","status":0},{"realName":"","address":"","createTime":"2022-12-06T09:12:56","mobile":"17611112222","company":"","updateTime":"2022-12-03T13:22:54","id":12,"email":"ssss@aaa.com","status":1},{"realName":"","address":"","createTime":"2022-11-17T08:51:11","mobile":"18800000000","company":"","updateTime":"2022-12-01T08:51:18","id":9,"email":"musk@twitter.com","status":0}]
2023-04-27 09:41:06.284 [tri-protocol-2147483647-thread-8] INFO  cn.cnnic.dataCenter.controller.CustomerController - [{"realName":"","address":"ddd","createTime":"2023-04-11T13:51:52","mobile":"19999999999","company":"dd","updateTime":"2023-04-11T13:51:55","id":1,"email":"1111@mail.com","status":0},{"realName":"","address":"","createTime":"2022-12-03T13:14:17","mobile":"19811112222","company":"","updateTime":"2023-03-23T10:07:35","id":11,"email":"ssss@aaa.com","status":1},{"realName":"","address":"","createTime":"2023-03-22T09:47:45","mobile":"13011111111","company":"cnic","updateTime":"2023-03-22T09:47:45","id":22,"email":"wangyan@cnic.cn","status":0},{"realName":"","address":"1","createTime":"2023-02-24T10:14:31","mobile":"15811249006","company":"cnic","updateTime":"2023-03-21T15:14:21","id":20,"email":"zhangleilei0227@163.com","status":0},{"realName":"","address":"","createTime":"2023-02-24T10:44:29","mobile":"18210063741","company":"","updateTime":"2023-02-24T10:44:29","id":21,"email":"a@216.com","status":0},{"realName":"","address":"","createTime":"2022-12-01T08:24:13","mobile":"19900000000","company":"","updateTime":"2023-02-17T16:04:26","id":8,"email":"qiangjishen@cnnic.cn","status":0},{"realName":"","address":"xxxxx","createTime":"2022-12-09T14:00:24","mobile":"13811088999","company":"","updateTime":"2023-02-17T14:46:00","id":14,"email":"jiajia111@gmail.com","status":0},{"realName":"","address":"1111","createTime":"2023-02-17T14:32:03","mobile":"18800008888","company":"","updateTime":"2023-02-17T14:45:14","id":19,"email":"fuyisheng11@gmail.com","status":0},{"realName":"","address":"","createTime":"2023-01-04T11:45:14","mobile":"13833332222","company":"","updateTime":"2023-02-16T14:38:15","id":17,"email":"a@126.com","status":0},{"realName":"","address":"","createTime":"2022-12-02T16:45:00","mobile":"13811112222","company":"","updateTime":"2023-01-10T16:39:15","id":10,"email":"muzixi@twitter.com","status":1},{"realName":"","address":"","createTime":"2023-01-04T11:36:19","mobile":"13611112222","company":"ddd","updateTime":"2023-01-09T13:51:42","id":16,"email":"a@126.com","status":0},{"realName":"","address":"","createTime":"2023-01-04T11:32:41","mobile":"15811249001","company":"dddd","updateTime":"2023-01-04T11:32:41","id":15,"email":"asdwe@126.com","status":0},{"realName":"","address":"","createTime":"2022-12-06T09:12:56","mobile":"17611112222","company":"","updateTime":"2022-12-03T13:22:54","id":12,"email":"ssss@aaa.com","status":1},{"realName":"","address":"","createTime":"2022-11-17T08:51:11","mobile":"18800000000","company":"","updateTime":"2022-12-01T08:51:18","id":9,"email":"musk@twitter.com","status":0}]
2023-04-27 09:41:09.158 [tri-protocol-2147483647-thread-9] INFO  cn.cnnic.dataCenter.controller.CustomerController - [{"realName":"","address":"ddd","createTime":"2023-04-11T13:51:52","mobile":"19999999999","company":"dd","updateTime":"2023-04-11T13:51:55","id":1,"email":"1111@mail.com","status":0},{"realName":"","address":"","createTime":"2022-12-03T13:14:17","mobile":"19811112222","company":"","updateTime":"2023-03-23T10:07:35","id":11,"email":"ssss@aaa.com","status":1},{"realName":"","address":"","createTime":"2023-03-22T09:47:45","mobile":"13011111111","company":"cnic","updateTime":"2023-03-22T09:47:45","id":22,"email":"wangyan@cnic.cn","status":0},{"realName":"","address":"1","createTime":"2023-02-24T10:14:31","mobile":"15811249006","company":"cnic","updateTime":"2023-03-21T15:14:21","id":20,"email":"zhangleilei0227@163.com","status":0},{"realName":"","address":"","createTime":"2023-02-24T10:44:29","mobile":"18210063741","company":"","updateTime":"2023-02-24T10:44:29","id":21,"email":"a@216.com","status":0},{"realName":"","address":"","createTime":"2022-12-01T08:24:13","mobile":"19900000000","company":"","updateTime":"2023-02-17T16:04:26","id":8,"email":"qiangjishen@cnnic.cn","status":0},{"realName":"","address":"xxxxx","createTime":"2022-12-09T14:00:24","mobile":"13811088999","company":"","updateTime":"2023-02-17T14:46:00","id":14,"email":"jiajia111@gmail.com","status":0},{"realName":"","address":"1111","createTime":"2023-02-17T14:32:03","mobile":"18800008888","company":"","updateTime":"2023-02-17T14:45:14","id":19,"email":"fuyisheng11@gmail.com","status":0},{"realName":"","address":"","createTime":"2023-01-04T11:45:14","mobile":"13833332222","company":"","updateTime":"2023-02-16T14:38:15","id":17,"email":"a@126.com","status":0},{"realName":"","address":"","createTime":"2022-12-02T16:45:00","mobile":"13811112222","company":"","updateTime":"2023-01-10T16:39:15","id":10,"email":"muzixi@twitter.com","status":1},{"realName":"","address":"","createTime":"2023-01-04T11:36:19","mobile":"13611112222","company":"ddd","updateTime":"2023-01-09T13:51:42","id":16,"email":"a@126.com","status":0},{"realName":"","address":"","createTime":"2023-01-04T11:32:41","mobile":"15811249001","company":"dddd","updateTime":"2023-01-04T11:32:41","id":15,"email":"asdwe@126.com","status":0},{"realName":"","address":"","createTime":"2022-12-06T09:12:56","mobile":"17611112222","company":"","updateTime":"2022-12-03T13:22:54","id":12,"email":"ssss@aaa.com","status":1},{"realName":"","address":"","createTime":"2022-11-17T08:51:11","mobile":"18800000000","company":"","updateTime":"2022-12-01T08:51:18","id":9,"email":"musk@twitter.com","status":0}]
